{"/Users/tsai_ray/Desktop/my-project/frontend-utils/src/utils/addCommas.ts": {"path":"/Users/tsai_ray/Desktop/my-project/frontend-utils/src/utils/addCommas.ts","all":false,"statementMap":{"0":{"start":{"line":1,"column":0},"end":{"line":1,"column":36}},"1":{"start":{"line":2,"column":0},"end":{"line":2,"column":109}},"2":{"start":{"line":3,"column":0},"end":{"line":3,"column":0}},"3":{"start":{"line":4,"column":0},"end":{"line":4,"column":36}},"4":{"start":{"line":5,"column":0},"end":{"line":5,"column":36}},"5":{"start":{"line":6,"column":0},"end":{"line":6,"column":31}},"6":{"start":{"line":7,"column":0},"end":{"line":7,"column":0}},"7":{"start":{"line":8,"column":0},"end":{"line":8,"column":31}},"8":{"start":{"line":9,"column":0},"end":{"line":9,"column":51}},"9":{"start":{"line":10,"column":0},"end":{"line":10,"column":58}},"10":{"start":{"line":11,"column":0},"end":{"line":11,"column":3}},"11":{"start":{"line":12,"column":0},"end":{"line":12,"column":0}},"12":{"start":{"line":13,"column":0},"end":{"line":13,"column":41}},"13":{"start":{"line":14,"column":0},"end":{"line":14,"column":2}},"14":{"start":{"line":15,"column":0},"end":{"line":15,"column":0}},"15":{"start":{"line":16,"column":0},"end":{"line":16,"column":25}}},"s":{"0":1,"1":1,"2":1,"3":1,"4":20,"5":20,"6":20,"7":20,"8":10,"9":10,"10":10,"11":10,"12":10,"13":10,"14":1,"15":1},"branchMap":{"0":{"type":"branch","line":4,"loc":{"start":{"line":4,"column":35},"end":{"line":14,"column":2}},"locations":[{"start":{"line":4,"column":35},"end":{"line":14,"column":2}}]},"1":{"type":"branch","line":8,"loc":{"start":{"line":8,"column":30},"end":{"line":14,"column":2}},"locations":[{"start":{"line":8,"column":30},"end":{"line":14,"column":2}}]}},"b":{"0":[20],"1":[10]},"fnMap":{"0":{"name":"addCommas","decl":{"start":{"line":4,"column":35},"end":{"line":14,"column":2}},"loc":{"start":{"line":4,"column":35},"end":{"line":14,"column":2}},"line":4}},"f":{"0":20}}
,"/Users/tsai_ray/Desktop/my-project/frontend-utils/src/utils/variableNameConvert.ts": {"path":"/Users/tsai_ray/Desktop/my-project/frontend-utils/src/utils/variableNameConvert.ts","all":false,"statementMap":{"0":{"start":{"line":1,"column":0},"end":{"line":1,"column":51}},"1":{"start":{"line":2,"column":0},"end":{"line":2,"column":0}},"2":{"start":{"line":3,"column":0},"end":{"line":3,"column":8}},"3":{"start":{"line":4,"column":0},"end":{"line":4,"column":64}},"4":{"start":{"line":5,"column":0},"end":{"line":5,"column":45}},"5":{"start":{"line":6,"column":0},"end":{"line":6,"column":2}},"6":{"start":{"line":7,"column":0},"end":{"line":7,"column":0}},"7":{"start":{"line":8,"column":0},"end":{"line":8,"column":64}},"8":{"start":{"line":9,"column":0},"end":{"line":9,"column":45}},"9":{"start":{"line":10,"column":0},"end":{"line":10,"column":2}},"10":{"start":{"line":11,"column":0},"end":{"line":11,"column":0}},"11":{"start":{"line":12,"column":0},"end":{"line":12,"column":20}},"12":{"start":{"line":13,"column":0},"end":{"line":13,"column":26}},"13":{"start":{"line":14,"column":0},"end":{"line":14,"column":54}},"14":{"start":{"line":15,"column":0},"end":{"line":15,"column":12}},"15":{"start":{"line":16,"column":0},"end":{"line":16,"column":33}},"16":{"start":{"line":17,"column":0},"end":{"line":17,"column":41}},"17":{"start":{"line":18,"column":0},"end":{"line":18,"column":22}},"18":{"start":{"line":19,"column":0},"end":{"line":19,"column":31}},"19":{"start":{"line":20,"column":0},"end":{"line":20,"column":6}},"20":{"start":{"line":21,"column":0},"end":{"line":21,"column":0}},"21":{"start":{"line":22,"column":0},"end":{"line":22,"column":46}},"22":{"start":{"line":23,"column":0},"end":{"line":23,"column":45}},"23":{"start":{"line":24,"column":0},"end":{"line":24,"column":5}},"24":{"start":{"line":25,"column":0},"end":{"line":25,"column":2}},"25":{"start":{"line":26,"column":0},"end":{"line":26,"column":0}},"26":{"start":{"line":27,"column":0},"end":{"line":27,"column":27}},"27":{"start":{"line":28,"column":0},"end":{"line":28,"column":55}},"28":{"start":{"line":29,"column":0},"end":{"line":29,"column":31}},"29":{"start":{"line":30,"column":0},"end":{"line":30,"column":0}},"30":{"start":{"line":31,"column":0},"end":{"line":31,"column":51}},"31":{"start":{"line":32,"column":0},"end":{"line":32,"column":37}},"32":{"start":{"line":33,"column":0},"end":{"line":33,"column":15}},"33":{"start":{"line":34,"column":0},"end":{"line":34,"column":9}},"34":{"start":{"line":35,"column":0},"end":{"line":35,"column":2}},"35":{"start":{"line":36,"column":0},"end":{"line":36,"column":0}},"36":{"start":{"line":37,"column":0},"end":{"line":37,"column":25}},"37":{"start":{"line":38,"column":0},"end":{"line":38,"column":54}},"38":{"start":{"line":39,"column":0},"end":{"line":39,"column":32}},"39":{"start":{"line":40,"column":0},"end":{"line":40,"column":2}},"40":{"start":{"line":41,"column":0},"end":{"line":41,"column":0}},"41":{"start":{"line":42,"column":0},"end":{"line":42,"column":20}},"42":{"start":{"line":43,"column":0},"end":{"line":43,"column":26}},"43":{"start":{"line":44,"column":0},"end":{"line":44,"column":54}},"44":{"start":{"line":45,"column":0},"end":{"line":45,"column":46}},"45":{"start":{"line":46,"column":0},"end":{"line":46,"column":45}},"46":{"start":{"line":47,"column":0},"end":{"line":47,"column":5}},"47":{"start":{"line":48,"column":0},"end":{"line":48,"column":2}},"48":{"start":{"line":49,"column":0},"end":{"line":49,"column":0}},"49":{"start":{"line":50,"column":0},"end":{"line":50,"column":27}},"50":{"start":{"line":51,"column":0},"end":{"line":51,"column":55}},"51":{"start":{"line":52,"column":0},"end":{"line":52,"column":31}},"52":{"start":{"line":53,"column":0},"end":{"line":53,"column":0}},"53":{"start":{"line":54,"column":0},"end":{"line":54,"column":51}},"54":{"start":{"line":55,"column":0},"end":{"line":55,"column":37}},"55":{"start":{"line":56,"column":0},"end":{"line":56,"column":15}},"56":{"start":{"line":57,"column":0},"end":{"line":57,"column":9}},"57":{"start":{"line":58,"column":0},"end":{"line":58,"column":2}},"58":{"start":{"line":59,"column":0},"end":{"line":59,"column":0}},"59":{"start":{"line":60,"column":0},"end":{"line":60,"column":27}},"60":{"start":{"line":61,"column":0},"end":{"line":61,"column":54}},"61":{"start":{"line":62,"column":0},"end":{"line":62,"column":32}},"62":{"start":{"line":63,"column":0},"end":{"line":63,"column":2}},"63":{"start":{"line":64,"column":0},"end":{"line":64,"column":0}},"64":{"start":{"line":65,"column":0},"end":{"line":65,"column":19}},"65":{"start":{"line":66,"column":0},"end":{"line":66,"column":26}},"66":{"start":{"line":67,"column":0},"end":{"line":67,"column":54}},"67":{"start":{"line":68,"column":0},"end":{"line":68,"column":87}},"68":{"start":{"line":69,"column":0},"end":{"line":69,"column":2}},"69":{"start":{"line":70,"column":0},"end":{"line":70,"column":0}},"70":{"start":{"line":71,"column":0},"end":{"line":71,"column":26}},"71":{"start":{"line":72,"column":0},"end":{"line":72,"column":54}},"72":{"start":{"line":73,"column":0},"end":{"line":73,"column":87}},"73":{"start":{"line":74,"column":0},"end":{"line":74,"column":2}},"74":{"start":{"line":75,"column":0},"end":{"line":75,"column":0}},"75":{"start":{"line":76,"column":0},"end":{"line":76,"column":26}},"76":{"start":{"line":77,"column":0},"end":{"line":77,"column":63}},"77":{"start":{"line":78,"column":0},"end":{"line":78,"column":37}},"78":{"start":{"line":79,"column":0},"end":{"line":79,"column":2}},"79":{"start":{"line":80,"column":0},"end":{"line":80,"column":0}},"80":{"start":{"line":81,"column":0},"end":{"line":81,"column":20}},"81":{"start":{"line":82,"column":0},"end":{"line":82,"column":0}},"82":{"start":{"line":83,"column":0},"end":{"line":83,"column":55}},"83":{"start":{"line":84,"column":0},"end":{"line":84,"column":50}},"84":{"start":{"line":85,"column":0},"end":{"line":85,"column":95}},"85":{"start":{"line":86,"column":0},"end":{"line":86,"column":2}},"86":{"start":{"line":87,"column":0},"end":{"line":87,"column":0}},"87":{"start":{"line":88,"column":0},"end":{"line":88,"column":27}},"88":{"start":{"line":89,"column":0},"end":{"line":89,"column":55}},"89":{"start":{"line":90,"column":0},"end":{"line":90,"column":50}},"90":{"start":{"line":91,"column":0},"end":{"line":91,"column":95}},"91":{"start":{"line":92,"column":0},"end":{"line":92,"column":2}},"92":{"start":{"line":93,"column":0},"end":{"line":93,"column":0}},"93":{"start":{"line":94,"column":0},"end":{"line":94,"column":26}},"94":{"start":{"line":95,"column":0},"end":{"line":95,"column":63}},"95":{"start":{"line":96,"column":0},"end":{"line":96,"column":37}},"96":{"start":{"line":97,"column":0},"end":{"line":97,"column":2}},"97":{"start":{"line":98,"column":0},"end":{"line":98,"column":0}},"98":{"start":{"line":99,"column":0},"end":{"line":99,"column":65}},"99":{"start":{"line":100,"column":0},"end":{"line":100,"column":40}},"100":{"start":{"line":101,"column":0},"end":{"line":101,"column":5}},"101":{"start":{"line":102,"column":0},"end":{"line":102,"column":0}},"102":{"start":{"line":103,"column":0},"end":{"line":103,"column":65}},"103":{"start":{"line":104,"column":0},"end":{"line":104,"column":46}},"104":{"start":{"line":105,"column":0},"end":{"line":105,"column":0}},"105":{"start":{"line":106,"column":0},"end":{"line":106,"column":62}},"106":{"start":{"line":107,"column":0},"end":{"line":107,"column":55}},"107":{"start":{"line":108,"column":0},"end":{"line":108,"column":0}},"108":{"start":{"line":109,"column":0},"end":{"line":109,"column":38}},"109":{"start":{"line":110,"column":0},"end":{"line":110,"column":59}},"110":{"start":{"line":111,"column":0},"end":{"line":111,"column":5}},"111":{"start":{"line":112,"column":0},"end":{"line":112,"column":37}},"112":{"start":{"line":113,"column":0},"end":{"line":113,"column":54}},"113":{"start":{"line":114,"column":0},"end":{"line":114,"column":34}},"114":{"start":{"line":115,"column":0},"end":{"line":115,"column":42}},"115":{"start":{"line":116,"column":0},"end":{"line":116,"column":9}},"116":{"start":{"line":117,"column":0},"end":{"line":117,"column":0}},"117":{"start":{"line":118,"column":0},"end":{"line":118,"column":20}},"118":{"start":{"line":119,"column":0},"end":{"line":119,"column":9}},"119":{"start":{"line":120,"column":0},"end":{"line":120,"column":5}},"120":{"start":{"line":121,"column":0},"end":{"line":121,"column":10}},"121":{"start":{"line":122,"column":0},"end":{"line":122,"column":39}},"122":{"start":{"line":123,"column":0},"end":{"line":123,"column":5}},"123":{"start":{"line":124,"column":0},"end":{"line":124,"column":0}},"124":{"start":{"line":125,"column":0},"end":{"line":125,"column":15}},"125":{"start":{"line":126,"column":0},"end":{"line":126,"column":9}},"126":{"start":{"line":127,"column":0},"end":{"line":127,"column":0}},"127":{"start":{"line":128,"column":0},"end":{"line":128,"column":26}},"128":{"start":{"line":129,"column":0},"end":{"line":129,"column":2}},"129":{"start":{"line":130,"column":0},"end":{"line":130,"column":0}},"130":{"start":{"line":131,"column":0},"end":{"line":131,"column":34}}},"s":{"0":1,"1":1,"2":1,"3":1,"4":1,"5":1,"6":1,"7":1,"8":0,"9":0,"10":1,"11":1,"12":1,"13":1,"14":0,"15":0,"16":0,"17":0,"18":0,"19":0,"20":0,"21":0,"22":0,"23":0,"24":0,"25":1,"26":1,"27":1,"28":0,"29":0,"30":0,"31":0,"32":0,"33":0,"34":0,"35":1,"36":1,"37":1,"38":0,"39":0,"40":1,"41":1,"42":1,"43":1,"44":0,"45":0,"46":0,"47":0,"48":1,"49":1,"50":1,"51":0,"52":0,"53":0,"54":0,"55":0,"56":0,"57":0,"58":1,"59":1,"60":1,"61":0,"62":0,"63":1,"64":1,"65":1,"66":1,"67":0,"68":0,"69":1,"70":1,"71":1,"72":0,"73":0,"74":1,"75":1,"76":1,"77":0,"78":0,"79":1,"80":1,"81":1,"82":1,"83":0,"84":0,"85":0,"86":1,"87":1,"88":1,"89":0,"90":0,"91":0,"92":1,"93":1,"94":1,"95":0,"96":0,"97":1,"98":1,"99":1,"100":1,"101":1,"102":1,"103":0,"104":0,"105":0,"106":0,"107":0,"108":0,"109":0,"110":0,"111":0,"112":0,"113":0,"114":0,"115":0,"116":0,"117":0,"118":0,"119":0,"120":0,"121":0,"122":0,"123":0,"124":0,"125":0,"126":0,"127":0,"128":0,"129":1,"130":1},"branchMap":{"0":{"type":"branch","line":4,"loc":{"start":{"line":4,"column":39},"end":{"line":6,"column":2}},"locations":[{"start":{"line":4,"column":39},"end":{"line":6,"column":2}}]},"1":{"type":"branch","line":6,"loc":{"start":{"line":6,"column":0},"end":{"line":6,"column":2}},"locations":[{"start":{"line":6,"column":0},"end":{"line":6,"column":2}}]}},"b":{"0":[1],"1":[1]},"fnMap":{"0":{"name":"firstLetterToUpperCase","decl":{"start":{"line":4,"column":39},"end":{"line":6,"column":2}},"loc":{"start":{"line":4,"column":39},"end":{"line":6,"column":2}},"line":4},"1":{"name":"get","decl":{"start":{"line":6,"column":0},"end":{"line":6,"column":2}},"loc":{"start":{"line":6,"column":0},"end":{"line":6,"column":2}},"line":6},"2":{"name":"firstLetterToLowerCase","decl":{"start":{"line":8,"column":39},"end":{"line":10,"column":2}},"loc":{"start":{"line":8,"column":39},"end":{"line":10,"column":2}},"line":8},"3":{"name":"get","decl":{"start":{"line":10,"column":0},"end":{"line":10,"column":2}},"loc":{"start":{"line":10,"column":0},"end":{"line":10,"column":2}},"line":10},"4":{"name":"kebabCaseToCamelCase","decl":{"start":{"line":14,"column":37},"end":{"line":25,"column":2}},"loc":{"start":{"line":14,"column":37},"end":{"line":25,"column":2}},"line":14},"5":{"name":"get","decl":{"start":{"line":25,"column":0},"end":{"line":25,"column":2}},"loc":{"start":{"line":25,"column":0},"end":{"line":25,"column":2}},"line":25},"6":{"name":"kebabCaseToPascalCase","decl":{"start":{"line":28,"column":38},"end":{"line":35,"column":2}},"loc":{"start":{"line":28,"column":38},"end":{"line":35,"column":2}},"line":28},"7":{"name":"get","decl":{"start":{"line":35,"column":0},"end":{"line":35,"column":2}},"loc":{"start":{"line":35,"column":0},"end":{"line":35,"column":2}},"line":35},"8":{"name":"kebabCaseToSnakeCase","decl":{"start":{"line":38,"column":37},"end":{"line":40,"column":2}},"loc":{"start":{"line":38,"column":37},"end":{"line":40,"column":2}},"line":38},"9":{"name":"get","decl":{"start":{"line":40,"column":0},"end":{"line":40,"column":2}},"loc":{"start":{"line":40,"column":0},"end":{"line":40,"column":2}},"line":40},"10":{"name":"SnakeCaseToCamelCase","decl":{"start":{"line":44,"column":37},"end":{"line":48,"column":2}},"loc":{"start":{"line":44,"column":37},"end":{"line":48,"column":2}},"line":44},"11":{"name":"get","decl":{"start":{"line":48,"column":0},"end":{"line":48,"column":2}},"loc":{"start":{"line":48,"column":0},"end":{"line":48,"column":2}},"line":48},"12":{"name":"SnakeCaseToPascalCase","decl":{"start":{"line":51,"column":38},"end":{"line":58,"column":2}},"loc":{"start":{"line":51,"column":38},"end":{"line":58,"column":2}},"line":51},"13":{"name":"get","decl":{"start":{"line":58,"column":0},"end":{"line":58,"column":2}},"loc":{"start":{"line":58,"column":0},"end":{"line":58,"column":2}},"line":58},"14":{"name":"SnakeCaseToKebabCase","decl":{"start":{"line":61,"column":37},"end":{"line":63,"column":2}},"loc":{"start":{"line":61,"column":37},"end":{"line":63,"column":2}},"line":61},"15":{"name":"get","decl":{"start":{"line":63,"column":0},"end":{"line":63,"column":2}},"loc":{"start":{"line":63,"column":0},"end":{"line":63,"column":2}},"line":63},"16":{"name":"camelCaseToKebabCase","decl":{"start":{"line":67,"column":37},"end":{"line":69,"column":2}},"loc":{"start":{"line":67,"column":37},"end":{"line":69,"column":2}},"line":67},"17":{"name":"get","decl":{"start":{"line":69,"column":0},"end":{"line":69,"column":2}},"loc":{"start":{"line":69,"column":0},"end":{"line":69,"column":2}},"line":69},"18":{"name":"camelCaseToSnakeCase","decl":{"start":{"line":72,"column":37},"end":{"line":74,"column":2}},"loc":{"start":{"line":72,"column":37},"end":{"line":74,"column":2}},"line":72},"19":{"name":"get","decl":{"start":{"line":74,"column":0},"end":{"line":74,"column":2}},"loc":{"start":{"line":74,"column":0},"end":{"line":74,"column":2}},"line":74},"20":{"name":"camelCaseToPascalCase","decl":{"start":{"line":77,"column":38},"end":{"line":79,"column":2}},"loc":{"start":{"line":77,"column":38},"end":{"line":79,"column":2}},"line":77},"21":{"name":"get","decl":{"start":{"line":79,"column":0},"end":{"line":79,"column":2}},"loc":{"start":{"line":79,"column":0},"end":{"line":79,"column":2}},"line":79},"22":{"name":"pascalCaseToKebabCase","decl":{"start":{"line":83,"column":38},"end":{"line":86,"column":2}},"loc":{"start":{"line":83,"column":38},"end":{"line":86,"column":2}},"line":83},"23":{"name":"get","decl":{"start":{"line":86,"column":0},"end":{"line":86,"column":2}},"loc":{"start":{"line":86,"column":0},"end":{"line":86,"column":2}},"line":86},"24":{"name":"pascalCaseToSnakeCase","decl":{"start":{"line":89,"column":38},"end":{"line":92,"column":2}},"loc":{"start":{"line":89,"column":38},"end":{"line":92,"column":2}},"line":89},"25":{"name":"get","decl":{"start":{"line":92,"column":0},"end":{"line":92,"column":2}},"loc":{"start":{"line":92,"column":0},"end":{"line":92,"column":2}},"line":92},"26":{"name":"pascalCaseToCamelCase","decl":{"start":{"line":95,"column":38},"end":{"line":97,"column":2}},"loc":{"start":{"line":95,"column":38},"end":{"line":97,"column":2}},"line":95},"27":{"name":"get","decl":{"start":{"line":97,"column":0},"end":{"line":97,"column":2}},"loc":{"start":{"line":97,"column":0},"end":{"line":97,"column":2}},"line":97},"28":{"name":"toSnakeCasePayload","decl":{"start":{"line":103,"column":28},"end":{"line":129,"column":2}},"loc":{"start":{"line":103,"column":28},"end":{"line":129,"column":2}},"line":103}},"f":{"0":1,"1":1,"2":0,"3":0,"4":0,"5":0,"6":0,"7":0,"8":0,"9":0,"10":0,"11":0,"12":0,"13":0,"14":0,"15":0,"16":0,"17":0,"18":0,"19":0,"20":0,"21":0,"22":0,"23":0,"24":0,"25":0,"26":0,"27":0,"28":0}}
}
